<?xml version="1.0" encoding="UTF-8"?>
<!-- Generated by org.testng.reporters.JUnitReportReporter -->
<testsuite skipped="0" hostname="IN-LT-164197" name="TestNG.TestNGAnnotations" tests="1" failures="0" timestamp="16 Aug 2020 17:51:28 GMT" time="0.016" errors="0">
  <testcase name="homePageProfileTest" time="0.016" classname="TestNG.TestNGAnnotations"/>
</testsuite> <!-- TestNG.TestNGAnnotations -->
